{
  "0 debug pnpm:scope": {
    "selected": 1,
    "workspacePrefix": "/Users/richard/Development/SVELTE/KIT/kit"
  },
  "1 error pnpm": {
    "errno": 1,
    "code": "ELIFECYCLE",
    "pkgid": "~TODO~@0.0.1",
    "stage": "dev",
    "script": "svelte-kit dev",
    "pkgname": "~TODO~",
    "err": {
      "name": "Error",
      "message": "~TODO~@0.0.1 dev: `svelte-kit dev`\nExit status 1",
      "code": "ELIFECYCLE",
      "stack": "Error: ~TODO~@0.0.1 dev: `svelte-kit dev`\nExit status 1\n    at EventEmitter.<anonymous> (/Users/richard/.nvm/versions/node/v12.21.0/pnpm-global/4/node_modules/.pnpm/pnpm@6.0.2/node_modules/pnpm/dist/pnpm.cjs:103286:18)\n    at EventEmitter.emit (events.js:314:20)\n    at ChildProcess.<anonymous> (/Users/richard/.nvm/versions/node/v12.21.0/pnpm-global/4/node_modules/.pnpm/pnpm@6.0.2/node_modules/pnpm/dist/pnpm.cjs:88860:16)\n    at ChildProcess.emit (events.js:314:20)\n    at maybeClose (internal/child_process.js:1022:16)\n    at Process.ChildProcess._handle.onexit (internal/child_process.js:287:5)"
    }
  }
}